2026-06-10 17:32:27,505 INFO decision=REJECT_PHYSICAL reason=inlet force-on forbidden because tank_level_value=6.8000 > tank_level_max-delta1=6.6000 tool=set_actuator_mode params={'tag': 'tank_input_valve_mode', 'mode': 2} q_tank=Normal q_bottle=Filling sigma=0.0000
2026-06-10 17:32:27,505 INFO decision=REJECT_PHYSICAL reason=outlet force-on requires q_bottle=Filling, got Moving tool=set_actuator_mode params={'tag': 'tank_output_valve_mode', 'mode': 2} q_tank=Normal q_bottle=Moving sigma=0.0000
2026-06-10 17:33:15,922 INFO decision=REJECT_PHYSICAL reason=inlet force-on forbidden because tank_level_value=6.8000 > tank_level_max-delta1=6.6000 tool=set_actuator_mode params={'tag': 'tank_input_valve_mode', 'mode': 2} q_tank=Normal q_bottle=Full sigma=0.0000
2026-06-10 17:33:15,927 INFO decision=REJECT_PHYSICAL reason=outlet force-on requires q_bottle=Filling, got Moving tool=set_actuator_mode params={'tag': 'tank_output_valve_mode', 'mode': 2} q_tank=Normal q_bottle=Moving sigma=0.0000
2026-06-10 18:17:11,958 INFO decision=REJECT_PHYSICAL reason=inlet force-on forbidden because tank_level_value=6.8000 > tank_level_max-delta1=6.6000 tool=set_actuator_mode params={'tag': 'tank_input_valve_mode', 'mode': 2} q_tank=Normal q_bottle=Filling sigma=0.0000
2026-06-10 18:17:11,958 INFO decision=REJECT_PHYSICAL reason=outlet force-on requires q_bottle=Filling, got Moving tool=set_actuator_mode params={'tag': 'tank_output_valve_mode', 'mode': 2} q_tank=Normal q_bottle=Moving sigma=0.0000
2026-06-10 18:19:36,087 INFO decision=ALLOW reason= tool=read_all_tags params={} q_tank=Unknown q_bottle=Unknown sigma=0.0000
2026-06-10 18:19:45,555 INFO decision=REJECT_PHYSICAL reason=physical state observation failed: OBSERVE_FAILED: missing value for tank_input_valve_status tool=set_actuator_mode params={'tag': 'tank_output_valve_mode', 'mode': 1} q_tank=Unknown q_bottle=Unknown sigma=0.0000
2026-06-10 18:20:14,300 INFO decision=REJECT_PHYSICAL reason=physical state observation failed: OBSERVE_FAILED: missing value for tank_input_valve_status tool=set_actuator_mode params={'tag': 'tank_input_valve_mode', 'mode': 2} q_tank=Unknown q_bottle=Unknown sigma=0.0000
2026-06-10 18:20:17,069 INFO decision=ALLOW reason= tool=read_tag params={'tag': 'tank_output_valve_status'} q_tank=Unknown q_bottle=Unknown sigma=0.0000
2026-06-10 18:20:17,070 INFO decision=ALLOW reason= tool=read_tag params={'tag': 'tank_input_valve_status'} q_tank=Unknown q_bottle=Unknown sigma=0.0000
2026-06-10 18:20:19,261 INFO decision=ALLOW reason= tool=list_all_tags params={} q_tank=Unknown q_bottle=Unknown sigma=0.0000
2026-06-10 18:20:20,899 INFO decision=ALLOW reason= tool=read_all_tags params={} q_tank=Unknown q_bottle=Unknown sigma=0.0000
2026-06-10 18:20:36,517 INFO decision=REJECT_PHYSICAL reason=physical state observation failed: OBSERVE_FAILED: missing value for tank_input_valve_status tool=set_actuator_mode params={'tag': 'tank_output_valve_mode', 'mode': 1} q_tank=Unknown q_bottle=Unknown sigma=0.0000
2026-06-10 18:21:05,404 INFO decision=REJECT_PHYSICAL reason=physical state observation failed: OBSERVE_FAILED: missing value for tank_input_valve_status tool=set_actuator_mode params={'tag': 'tank_input_valve_mode', 'mode': 2} q_tank=Unknown q_bottle=Unknown sigma=0.0000
2026-06-10 18:21:07,759 INFO decision=ALLOW reason= tool=read_tag params={'tag': 'tank_input_valve_status'} q_tank=Unknown q_bottle=Unknown sigma=0.0000
2026-06-10 18:21:09,624 INFO decision=ALLOW reason= tool=set_actuator_mode params={'tag': 'tank_input_valve_mode', 'mode': 2} q_tank=Normal q_bottle=Filling sigma=0.0000
2026-06-10 18:21:11,311 INFO decision=ALLOW reason= tool=read_tag params={'tag': 'tank_output_valve_status'} q_tank=Normal q_bottle=Filling sigma=0.0000
2026-06-10 18:21:12,969 INFO decision=ALLOW reason= tool=set_actuator_mode params={'tag': 'tank_output_valve_mode', 'mode': 1} q_tank=Normal q_bottle=Filling sigma=0.0000
2026-06-10 18:21:14,471 INFO decision=ALLOW reason= tool=read_all_tags params={} q_tank=Normal q_bottle=Filling sigma=0.0000
2026-06-10 18:27:30,695 INFO decision=ALLOW reason= tool=read_all_tags params={} q_tank=Unknown q_bottle=Unknown sigma=0.0000
2026-06-10 18:28:19,972 INFO decision=REJECT_PHYSICAL reason=inlet force-on forbidden because tank_level_value=6.8000 > tank_level_max-delta1=6.6000 tool=set_actuator_mode params={'tag': 'tank_input_valve_mode', 'mode': 2} q_tank=Normal q_bottle=Filling sigma=0.0000
2026-06-10 18:28:19,972 INFO decision=REJECT_PHYSICAL reason=outlet force-on requires q_bottle=Filling, got Moving tool=set_actuator_mode params={'tag': 'tank_output_valve_mode', 'mode': 2} q_tank=Normal q_bottle=Moving sigma=0.0000
2026-06-10 18:28:19,972 INFO decision=ALLOW reason=physical state observation failed, but mode=1 shutdown is fail-safe allowed: OBSERVE_FAILED: missing value for tank_input_valve_status tool=set_actuator_mode params={'tag': 'tank_output_valve_mode', 'mode': 1} q_tank=Unknown q_bottle=Unknown sigma=0.0000
2026-06-10 18:28:19,972 INFO decision=REJECT_PHYSICAL reason=physical state observation failed: OBSERVE_FAILED: missing value for tank_input_valve_status tool=set_actuator_mode params={'tag': 'tank_input_valve_mode', 'mode': 2} q_tank=Unknown q_bottle=Unknown sigma=0.0000
2026-06-10 18:28:32,125 INFO decision=ALLOW reason= tool=read_all_tags params={} q_tank=Unknown q_bottle=Unknown sigma=0.0000
